<?xml version="1.0" encoding="UTF-8"?>
<testsuite xmlns:xsi="http://www.w3.org/2001/XMLSchema-instance" xsi:noNamespaceSchemaLocation="https://maven.apache.org/surefire/maven-surefire-plugin/xsd/surefire-test-report.xsd" name="runner.TestRunner" time="33.034" tests="21" errors="0" skipped="0" failures="0">
  <properties>
[...]
</properties>
  <testcase name="WhyMeds - Monograph - Happy path of accepting the correct Get, Key, Value, Company ID, and NDC #1" classname="WhyMeds - Monograph" time="4.634"/>
  <testcase name="WhyMeds - Monograph - Happy path of accepting the correct Get, Key, Value, Company ID, and NDC #2" classname="WhyMeds - Monograph" time="1.472"/>
  <testcase name="WhyMeds - Monograph - Happy path of accepting the correct Get, Key, Value, Company ID, and NDC #3" classname="WhyMeds - Monograph" time="1.56"/>
  <testcase name="WhyMeds - Monograph - Happy path of accepting the correct Get, Key, Value, Company ID, and NDC #4" classname="WhyMeds - Monograph" time="1.063"/>
  <testcase name="WhyMeds - Monograph - Happy path of accepting the correct Get, Key, Value, Company ID, and NDC #5" classname="WhyMeds - Monograph" time="1.521"/>
  <testcase name="WhyMeds - Monograph - Happy path of accepting the correct Get, Key, Value, Company ID, and NDC #6" classname="WhyMeds - Monograph" time="1.064"/>
  <testcase name="WhyMeds - Monograph - Happy path of accepting the correct Get, Key, Value, Company ID, and NDC #7" classname="WhyMeds - Monograph" time="1.509"/>
  <testcase name="WhyMeds - Monograph - Happy path of accepting the correct Get, Key, Value, Company ID, and NDC #8" classname="WhyMeds - Monograph" time="0.975"/>
  <testcase name="WhyMeds - Monograph - Happy path of accepting the correct Get, Key, Value, Company ID, and NDC #9" classname="WhyMeds - Monograph" time="1.448"/>
  <testcase name="WhyMeds - Monograph - Happy path of accepting the correct Get, Key, Value, Company ID, and NDC #10" classname="WhyMeds - Monograph" time="1.808"/>
  <testcase name="WhyMeds - Monograph - Happy path of accepting the correct Get, Key, Value, Company ID, and NDC #11" classname="WhyMeds - Monograph" time="1.498"/>
  <testcase name="WhyMeds - Monograph - Happy path of accepting the correct Get, Key, Value, Company ID, and NDC #12" classname="WhyMeds - Monograph" time="1.376"/>
  <testcase name="WhyMeds - Monograph - Happy path of accepting the correct Get, Key, Value, Company ID, and NDC #13" classname="WhyMeds - Monograph" time="1.439"/>
  <testcase name="WhyMeds - Monograph - Happy path of accepting the correct Get, Key, Value, Company ID, and NDC #14" classname="WhyMeds - Monograph" time="1.505"/>
  <testcase name="WhyMeds - Monograph - Happy path of accepting the correct Get, Key, Value, Company ID, and NDC #15" classname="WhyMeds - Monograph" time="0.873"/>
  <testcase name="WhyMeds - Monograph - Happy path of accepting the correct Get, Key, Value, Company ID, and NDC #16" classname="WhyMeds - Monograph" time="1.448"/>
  <testcase name="WhyMeds - Monograph - Happy path of accepting the correct Get, Key, Value, Company ID, and NDC #17" classname="WhyMeds - Monograph" time="1.344"/>
  <testcase name="WhyMeds - Monograph - Incomplete path of using the wrong Get" classname="WhyMeds - Monograph" time="1.783"/>
  <testcase name="WhyMeds - Monograph  - Incomplete path of using correct Get but blank NDC" classname="WhyMeds - Monograph" time="0.978"/>
  <testcase name="WhyMeds - Monograph - Incomplete path of using the wrong Keys/Values, but correct Post" classname="WhyMeds - Monograph" time="0.481"/>
  <testcase name="WhyMeds Monograph" classname="WhyMeds - Monograph" time="0.967"/>
</testsuite>